#-----------------------------------------------------------
# Vivado v2018.2 (64-bit)
# SW Build 2258646 on Thu Jun 14 20:03:12 MDT 2018
# IP Build 2256618 on Thu Jun 14 22:10:49 MDT 2018
# Start of session at: Fri Dec 14 20:01:40 2018
# Process ID: 5468
# Current directory: C:/Users/juanj/Desktop/REPOSITORIO SED/Trabajo_V1.0
# Command line: vivado.exe -gui_launcher_event rodinguilauncherevent11824 C:\Users\juanj\Desktop\REPOSITORIO SED\Trabajo_V1.0\Trabajo_V1.0.xpr
# Log file: C:/Users/juanj/Desktop/REPOSITORIO SED/Trabajo_V1.0/vivado.log
# Journal file: C:/Users/juanj/Desktop/REPOSITORIO SED/Trabajo_V1.0\vivado.jou
#-----------------------------------------------------------
start_gui
open_project {C:/Users/juanj/Desktop/REPOSITORIO SED/Trabajo_V1.0/Trabajo_V1.0.xpr}
Scanning sources...
Finished scanning sources
INFO: [IP_Flow 19-234] Refreshing IP repositories
INFO: [IP_Flow 19-1704] No user IP repositories specified
INFO: [IP_Flow 19-2313] Loaded Vivado IP repository 'C:/Xilinx/Vivado/2018.2/data/ip'.
open_project: Time (s): cpu = 00:00:21 ; elapsed = 00:00:12 . Memory (MB): peak = 803.367 ; gain = 90.008
update_compile_order -fileset sources_1
reset_run synth_1
launch_runs synth_1 -jobs 2
[Fri Dec 14 20:02:30 2018] Launched synth_1...
Run output will be captured here: C:/Users/juanj/Desktop/REPOSITORIO SED/Trabajo_V1.0/Trabajo_V1.0.runs/synth_1/runme.log
launch_runs impl_1 -jobs 2
[Fri Dec 14 20:04:35 2018] Launched impl_1...
Run output will be captured here: C:/Users/juanj/Desktop/REPOSITORIO SED/Trabajo_V1.0/Trabajo_V1.0.runs/impl_1/runme.log
open_run impl_1
INFO: [Project 1-479] Netlist was created with Vivado 2018.2
INFO: [Device 21-403] Loading part xc7a100tcsg324-1
INFO: [Project 1-570] Preparing netlist for logic optimization
INFO: [Timing 38-478] Restoring timing data from binary archive.
INFO: [Timing 38-479] Binary timing data restore complete.
INFO: [Project 1-856] Restoring constraints from binary archive.
INFO: [Project 1-853] Binary constraint restore complete.
Reading XDEF placement.
Reading placer database...
Reading XDEF routing.
Read XDEF File: Time (s): cpu = 00:00:00 ; elapsed = 00:00:00.049 . Memory (MB): peak = 1668.367 ; gain = 0.000
Restored from archive | CPU: 0.000000 secs | Memory: 0.000000 MB |
Finished XDEF File Restore: Time (s): cpu = 00:00:00 ; elapsed = 00:00:00.050 . Memory (MB): peak = 1668.367 ; gain = 0.000
INFO: [Project 1-111] Unisim Transformation Summary:
No Unisim elements were transformed.

open_run: Time (s): cpu = 00:00:35 ; elapsed = 00:00:33 . Memory (MB): peak = 1742.418 ; gain = 916.070
WARNING: [Timing 38-313] There are no user specified timing constraints. Timing constraints are needed for proper timing analysis.
exit
INFO: [Common 17-206] Exiting Vivado at Fri Dec 14 20:07:19 2018...
