#-----------------------------------------------------------
# Vivado v2018.2 (64-bit)
# SW Build 2258646 on Thu Jun 14 20:03:12 MDT 2018
# IP Build 2256618 on Thu Jun 14 22:10:49 MDT 2018
# Start of session at: Tue Dec 11 18:52:45 2018
# Process ID: 8952
# Current directory: C:/Users/juanj/OneDrive - Universidad Politécnica de Madrid/CUARTO/Sistemas Electronicos Digitales/Trabajo VHDL/tonto/Trabajo_V1.0
# Command line: vivado.exe -gui_launcher_event rodinguilauncherevent7712 C:\Users\juanj\OneDrive - Universidad Politécnica de Madrid\CUARTO\Sistemas Electronicos Digitales\Trabajo VHDL\tonto\Trabajo_V1.0\Trabajo_V1.0.xpr
# Log file: C:/Users/juanj/OneDrive - Universidad Politécnica de Madrid/CUARTO/Sistemas Electronicos Digitales/Trabajo VHDL/tonto/Trabajo_V1.0/vivado.log
# Journal file: C:/Users/juanj/OneDrive - Universidad Politécnica de Madrid/CUARTO/Sistemas Electronicos Digitales/Trabajo VHDL/tonto/Trabajo_V1.0\vivado.jou
#-----------------------------------------------------------
start_gui
open_project {C:/Users/juanj/OneDrive - Universidad Politécnica de Madrid/CUARTO/Sistemas Electronicos Digitales/Trabajo VHDL/tonto/Trabajo_V1.0/Trabajo_V1.0.xpr}
INFO: [ProjectBase 1-489] The host OS only allows 260 characters in a normal path. The project is stored in a path with more than 80 characters. If you experience issues with IP, Block Designs, or files not being found, please consider moving the project to a location with a shorter path. Alternately consider using the OS subst command to map part of the path to a drive letter.
Current project path is 'C:/Users/juanj/OneDrive - Universidad Politécnica de Madrid/CUARTO/Sistemas Electronicos Digitales/Trabajo VHDL/tonto/Trabajo_V1.0'
INFO: [Project 1-313] Project file moved from 'C:/Users/user/Documents/JULIA/EE403/SED/Trabajo/Trabajo_V1.0' since last save.
Scanning sources...
Finished scanning sources
INFO: [IP_Flow 19-234] Refreshing IP repositories
INFO: [IP_Flow 19-1704] No user IP repositories specified
INFO: [IP_Flow 19-2313] Loaded Vivado IP repository 'C:/Xilinx/Vivado/2018.2/data/ip'.
open_project: Time (s): cpu = 00:00:17 ; elapsed = 00:00:09 . Memory (MB): peak = 792.395 ; gain = 88.016
update_compile_order -fileset sources_1
close [ open {C:/Users/juanj/OneDrive - Universidad Politécnica de Madrid/CUARTO/Sistemas Electronicos Digitales/Trabajo VHDL/tonto/Trabajo_V1.0/Trabajo_V1.0.srcs/sources_1/new/Contador_compuesto.vhd} w ]
add_files {{C:/Users/juanj/OneDrive - Universidad Politécnica de Madrid/CUARTO/Sistemas Electronicos Digitales/Trabajo VHDL/tonto/Trabajo_V1.0/Trabajo_V1.0.srcs/sources_1/new/Contador_compuesto.vhd}}
update_compile_order -fileset sources_1
WARNING: [filemgmt 56-199] Attempt to get parsing info during refresh. "On-the-fly" syntax checking information may be incorrect. [C:/Users/juanj/OneDrive - Universidad Politécnica de Madrid/CUARTO/Sistemas Electronicos Digitales/Trabajo VHDL/tonto/Trabajo_V1.0/Trabajo_V1.0.srcs/sources_1/new/deco.vhd:]
WARNING: [filemgmt 56-199] Attempt to get parsing info during refresh. "On-the-fly" syntax checking information may be incorrect. [C:/Users/juanj/OneDrive - Universidad Politécnica de Madrid/CUARTO/Sistemas Electronicos Digitales/Trabajo VHDL/tonto/Trabajo_V1.0/Trabajo_V1.0.srcs/sources_1/new/Cafetera.vhd:]
WARNING: [filemgmt 56-199] Attempt to get parsing info during refresh. "On-the-fly" syntax checking information may be incorrect. [C:/Users/juanj/OneDrive - Universidad Politécnica de Madrid/CUARTO/Sistemas Electronicos Digitales/Trabajo VHDL/tonto/Trabajo_V1.0/Trabajo_V1.0.srcs/sources_1/imports/new/Display_refresh.vhd:]
WARNING: [filemgmt 56-199] Attempt to get parsing info during refresh. "On-the-fly" syntax checking information may be incorrect. [C:/Users/juanj/OneDrive - Universidad Politécnica de Madrid/CUARTO/Sistemas Electronicos Digitales/Trabajo VHDL/tonto/Trabajo_V1.0/Trabajo_V1.0.srcs/sources_1/new/Mostrar_tiempo.vhd:]
WARNING: [filemgmt 56-199] Attempt to get parsing info during refresh. "On-the-fly" syntax checking information may be incorrect. [C:/Users/juanj/OneDrive - Universidad Politécnica de Madrid/CUARTO/Sistemas Electronicos Digitales/Trabajo VHDL/tonto/Trabajo_V1.0/Trabajo_V1.0.srcs/sources_1/new/counter.vhd:]
WARNING: [filemgmt 56-199] Attempt to get parsing info during refresh. "On-the-fly" syntax checking information may be incorrect. [C:/Users/juanj/OneDrive - Universidad Politécnica de Madrid/CUARTO/Sistemas Electronicos Digitales/Trabajo VHDL/tonto/Trabajo_V1.0/Trabajo_V1.0.srcs/sources_1/new/Contador_compuesto.vhd:]
ERROR: [Common 17-180] Spawn failed: Illegal byte sequence
WARNING: [filemgmt 56-199] Attempt to get parsing info during refresh. "On-the-fly" syntax checking information may be incorrect. [C:/Users/juanj/OneDrive - Universidad Politécnica de Madrid/CUARTO/Sistemas Electronicos Digitales/Trabajo VHDL/tonto/Trabajo_V1.0/Trabajo_V1.0.srcs/sources_1/new/deco.vhd:]
WARNING: [filemgmt 56-199] Attempt to get parsing info during refresh. "On-the-fly" syntax checking information may be incorrect. [C:/Users/juanj/OneDrive - Universidad Politécnica de Madrid/CUARTO/Sistemas Electronicos Digitales/Trabajo VHDL/tonto/Trabajo_V1.0/Trabajo_V1.0.srcs/sources_1/new/Cafetera.vhd:]
WARNING: [filemgmt 56-199] Attempt to get parsing info during refresh. "On-the-fly" syntax checking information may be incorrect. [C:/Users/juanj/OneDrive - Universidad Politécnica de Madrid/CUARTO/Sistemas Electronicos Digitales/Trabajo VHDL/tonto/Trabajo_V1.0/Trabajo_V1.0.srcs/sources_1/imports/new/Display_refresh.vhd:]
WARNING: [filemgmt 56-199] Attempt to get parsing info during refresh. "On-the-fly" syntax checking information may be incorrect. [C:/Users/juanj/OneDrive - Universidad Politécnica de Madrid/CUARTO/Sistemas Electronicos Digitales/Trabajo VHDL/tonto/Trabajo_V1.0/Trabajo_V1.0.srcs/sources_1/new/Mostrar_tiempo.vhd:]
WARNING: [filemgmt 56-199] Attempt to get parsing info during refresh. "On-the-fly" syntax checking information may be incorrect. [C:/Users/juanj/OneDrive - Universidad Politécnica de Madrid/CUARTO/Sistemas Electronicos Digitales/Trabajo VHDL/tonto/Trabajo_V1.0/Trabajo_V1.0.srcs/sources_1/new/counter.vhd:]
WARNING: [filemgmt 56-199] Attempt to get parsing info during refresh. "On-the-fly" syntax checking information may be incorrect. [C:/Users/juanj/OneDrive - Universidad Politécnica de Madrid/CUARTO/Sistemas Electronicos Digitales/Trabajo VHDL/tonto/Trabajo_V1.0/Trabajo_V1.0.srcs/sources_1/new/Contador_compuesto.vhd:]
ERROR: [Common 17-180] Spawn failed: Illegal byte sequence
set_property SOURCE_SET sources_1 [get_filesets sim_1]
close [ open {C:/Users/juanj/OneDrive - Universidad Politécnica de Madrid/CUARTO/Sistemas Electronicos Digitales/Trabajo VHDL/tonto/Trabajo_V1.0/Trabajo_V1.0.srcs/sim_1/new/Contador_compuesto_tb.vhd} w ]
add_files -fileset sim_1 {{C:/Users/juanj/OneDrive - Universidad Politécnica de Madrid/CUARTO/Sistemas Electronicos Digitales/Trabajo VHDL/tonto/Trabajo_V1.0/Trabajo_V1.0.srcs/sim_1/new/Contador_compuesto_tb.vhd}}
update_compile_order -fileset sim_1
export_ip_user_files -of_objects  [get_files {{C:/Users/juanj/OneDrive - Universidad Politécnica de Madrid/CUARTO/Sistemas Electronicos Digitales/Trabajo VHDL/tonto/Trabajo_V1.0/Trabajo_V1.0.srcs/sim_1/new/Contador_compuesto_tb.vhd}}] -no_script -reset -force -quiet
remove_files  -fileset sim_1 {{C:/Users/juanj/OneDrive - Universidad Politécnica de Madrid/CUARTO/Sistemas Electronicos Digitales/Trabajo VHDL/tonto/Trabajo_V1.0/Trabajo_V1.0.srcs/sim_1/new/Contador_compuesto_tb.vhd}}
launch_simulation
INFO: [Vivado 12-5682] Launching behavioral simulation in 'C:/Users/juanj/OneDrive - Universidad Politécnica de Madrid/CUARTO/Sistemas Electronicos Digitales/Trabajo VHDL/tonto/Trabajo_V1.0/Trabajo_V1.0.sim/sim_1/behav/xsim'
INFO: [SIM-utils-51] Simulation object is 'sim_1'
INFO: [SIM-utils-54] Inspecting design source files for 'Display_refresh_tb' in fileset 'sim_1'...
INFO: [USF-XSim-97] Finding global include files...
INFO: [USF-XSim-98] Fetching design files from 'sim_1'...
INFO: [USF-XSim-2] XSim::Compile design
INFO: [Common 17-41] Interrupt caught. Command should exit soon.
INFO: [Vivado 12-5357] 'compile' step aborted
INFO: [Common 17-344] 'launch_simulation' was cancelled
exit
INFO: [Common 17-206] Exiting Vivado at Tue Dec 11 22:53:49 2018...
